<?xml version="1.0" encoding="UTF-8"?>
<testsuite xmlns:xsi="http://www.w3.org/2001/XMLSchema-instance" xsi:noNamespaceSchemaLocation="https://maven.apache.org/surefire/maven-surefire-plugin/xsd/surefire-test-report-3.0.xsd" version="3.0" name="com.gl.hive.ConfigServer.ConfigServerApplicationTests" time="17.473" tests="1" errors="0" skipped="0" failures="0">
  <properties>
[...]
</properties>
  <testcase name="contextLoads" classname="com.gl.hive.ConfigServer.ConfigServerApplicationTests" time="2.981">
    <system-out><![CDATA[16:49:34.726 [main] INFO org.springframework.test.context.support.AnnotationConfigContextLoaderUtils -- Could not detect default configuration classes for test class [com.gl.hive.ConfigServer.ConfigServerApplicationTests]: ConfigServerApplicationTests does not declare any static, non-private, non-final, nested classes annotated with @Configuration.
16:49:35.012 [main] INFO org.springframework.boot.test.context.SpringBootTestContextBootstrapper -- Found @SpringBootConfiguration com.gl.hive.ConfigServer.ConfigServerApplication for test class com.gl.hive.ConfigServer.ConfigServerApplicationTests

  .   ____          _            __ _ _
 /\\ / ___'_ __ _ _(_)_ __  __ _ \ \ \ \
( ( )\___ | '_ | '_| | '_ \/ _` | \ \ \ \
 \\/  ___)| |_)| | | | | || (_| |  ) ) ) )
  '  |____| .__|_| |_|_| |_\__, | / / / /
 =========|_|==============|___/=/_/_/_/
 :: Spring Boot ::                (v3.1.2)

2025-05-29T16:49:37.042+01:00  INFO 1652 --- [           main] c.g.h.C.ConfigServerApplicationTests     : Starting ConfigServerApplicationTests using Java 17.0.14 with PID 1652 (started by ss in C:\Downloads\HIVE_PFA\HIVE-MICROSERVICES\Config-Server)
2025-05-29T16:49:37.046+01:00  INFO 1652 --- [           main] c.g.h.C.ConfigServerApplicationTests     : The following 1 profile is active: "native"
2025-05-29T16:49:39.945+01:00  INFO 1652 --- [           main] o.s.cloud.context.scope.GenericScope     : BeanFactory id=df9bba5b-5583-3a74-a4ce-f7878650d91f
2025-05-29T16:49:43.029+01:00  INFO 1652 --- [           main] DiscoveryClientOptionalArgsConfiguration : Eureka HTTP Client uses RestTemplate.
2025-05-29T16:49:45.982+01:00  WARN 1652 --- [           main] iguration$LoadBalancerCaffeineWarnLogger : Spring Cloud LoadBalancer is currently working with the default cache. While this cache implementation is useful for development and tests, it's recommended to use Caffeine cache in production.You can switch to using Caffeine cache, by adding it and org.springframework.cache.caffeine.CaffeineCacheManager to the classpath.
2025-05-29T16:49:46.093+01:00  INFO 1652 --- [           main] o.s.c.n.eureka.InstanceInfoFactory       : Setting initial instance status as: STARTING
2025-05-29T16:49:46.563+01:00  INFO 1652 --- [           main] com.netflix.discovery.DiscoveryClient    : Initializing Eureka in region us-east-1
2025-05-29T16:49:46.581+01:00  INFO 1652 --- [           main] c.n.d.s.r.aws.ConfigClusterResolver      : Resolving eureka endpoints via configuration
2025-05-29T16:49:46.682+01:00  INFO 1652 --- [           main] com.netflix.discovery.DiscoveryClient    : Disable delta property : false
2025-05-29T16:49:46.683+01:00  INFO 1652 --- [           main] com.netflix.discovery.DiscoveryClient    : Single vip registry refresh property : null
2025-05-29T16:49:46.684+01:00  INFO 1652 --- [           main] com.netflix.discovery.DiscoveryClient    : Force full registry fetch : false
2025-05-29T16:49:46.685+01:00  INFO 1652 --- [           main] com.netflix.discovery.DiscoveryClient    : Application is null : false
2025-05-29T16:49:46.686+01:00  INFO 1652 --- [           main] com.netflix.discovery.DiscoveryClient    : Registered Applications size is zero : true
2025-05-29T16:49:46.687+01:00  INFO 1652 --- [           main] com.netflix.discovery.DiscoveryClient    : Application version is -1: true
2025-05-29T16:49:46.688+01:00  INFO 1652 --- [           main] com.netflix.discovery.DiscoveryClient    : Getting all instance registry info from the eureka server
2025-05-29T16:49:48.489+01:00  INFO 1652 --- [           main] com.netflix.discovery.DiscoveryClient    : The response status is 200
2025-05-29T16:49:48.504+01:00  INFO 1652 --- [           main] com.netflix.discovery.DiscoveryClient    : Starting heartbeat executor: renew interval is: 30
2025-05-29T16:49:48.516+01:00  INFO 1652 --- [           main] c.n.discovery.InstanceInfoReplicator     : InstanceInfoReplicator onDemand update allowed rate per min is 4
2025-05-29T16:49:48.534+01:00  INFO 1652 --- [           main] com.netflix.discovery.DiscoveryClient    : Discovery Client initialized at timestamp 1748533788532 with initial instances count: 6
2025-05-29T16:49:48.544+01:00  INFO 1652 --- [           main] o.s.c.n.e.s.EurekaServiceRegistry        : Registering application 1-CONFIG-SERVER with eureka with status UP
2025-05-29T16:49:48.546+01:00  INFO 1652 --- [           main] com.netflix.discovery.DiscoveryClient    : Saw local status change event StatusChangeEvent [timestamp=1748533788546, current=UP, previous=STARTING]
2025-05-29T16:49:48.551+01:00  INFO 1652 --- [nfoReplicator-0] com.netflix.discovery.DiscoveryClient    : DiscoveryClient_1-CONFIG-SERVER/DESKTOP-NKN9ENV:1-CONFIG-SERVER:9296: registering service...
2025-05-29T16:49:48.637+01:00  INFO 1652 --- [           main] c.g.h.C.ConfigServerApplicationTests     : Started ConfigServerApplicationTests in 13.183 seconds (process running for 15.994)
2025-05-29T16:49:48.759+01:00  INFO 1652 --- [nfoReplicator-0] com.netflix.discovery.DiscoveryClient    : DiscoveryClient_1-CONFIG-SERVER/DESKTOP-NKN9ENV:1-CONFIG-SERVER:9296 - registration status: 204
]]></system-out>
  </testcase>
</testsuite>